INFO:     Will watch for changes in these directories: ['/data/data/com.termux/files/home/Desktop/flet-projects/doña_soco_app/backend']
INFO:     Uvicorn running on http://0.0.0.0:8000 (Press CTRL+C to quit)
INFO:     Started reloader process [21907] using WatchFiles
INFO:     Started server process [21910]
INFO:     Waiting for application startup.
INFO:     Application startup complete.
INFO:     Shutting down
INFO:     Waiting for application shutdown.
INFO:     Application shutdown complete.
INFO:     Finished server process [21910]
INFO:     Stopping reloader process [21907]
INFO:     Will watch for changes in these directories: ['/data/data/com.termux/files/home/Desktop/flet-projects/doña_soco_app/backend']
INFO:     Uvicorn running on http://0.0.0.0:8000 (Press CTRL+C to quit)
INFO:     Started reloader process [21953] using WatchFiles
INFO:     Started server process [21955]
INFO:     Waiting for application startup.
INFO:     Application startup complete.
INFO:     127.0.0.1:41874 - "GET /menu?solo_activos=true HTTP/1.1" 200 OK
INFO:     127.0.0.1:41880 - "GET /configuracion HTTP/1.1" 200 OK
INFO:     Shutting down
INFO:     Waiting for application shutdown.
INFO:     Application shutdown complete.
INFO:     Finished server process [21955]
INFO:     Stopping reloader process [21953]
